[RemoteTestNG] detected TestNG version 6.14.2
0001
Devil's Food
Maple
{
	"id": "0001",
	"type": "donut",
	"name": "Cake",
	"ppu": 0.55,
	"batters":
		{
			"batter":
				[
					{ "id": "1001", "type": "Regular" },
					{ "id": "1002", "type": "Chocolate" },
					{ "id": "1003", "type": "Blueberry" },
					{ "id": "1004", "type": "Devil's Food" }
				]
		},
	"topping":
		[
			{ "id": "5001", "type": "None" },
			{ "id": "5002", "type": "Glazed" },
			{ "id": "5005", "type": "Sugar" },
			{ "id": "5007", "type": "Powdered Sugar" },
			{ "id": "5006", "type": "Chocolate with Sprinkles" },
			{ "id": "5003", "type": "Chocolate" },
			{ "id": "5004", "type": "Maple" }
		]
}
PASSED: parsingJsonSecondTest
PASSED: parsingJsonThirdTest
FAILED: parsingJsonFirstTest
java.lang.AssertionError: The following asserts failed:
	Stavan First Assert Failed expected [0001] but found [sdfaf]
	at org.testng.asserts.SoftAssert.assertAll(SoftAssert.java:43)
	at c_parsingjson_JSONPATH.ParsingJson.parsingJsonFirstTest(ParsingJson.java:50)
	at sun.reflect.NativeMethodAccessorImpl.invoke0(Native Method)
	at sun.reflect.NativeMethodAccessorImpl.invoke(Unknown Source)
	at sun.reflect.DelegatingMethodAccessorImpl.invoke(Unknown Source)
	at java.lang.reflect.Method.invoke(Unknown Source)
	at org.testng.internal.MethodInvocationHelper.invokeMethod(MethodInvocationHelper.java:124)
	at org.testng.internal.Invoker.invokeMethod(Invoker.java:580)
	at org.testng.internal.Invoker.invokeTestMethod(Invoker.java:716)
	at org.testng.internal.Invoker.invokeTestMethods(Invoker.java:988)
	at org.testng.internal.TestMethodWorker.invokeTestMethods(TestMethodWorker.java:125)
	at org.testng.internal.TestMethodWorker.run(TestMethodWorker.java:109)
	at org.testng.TestRunner.privateRun(TestRunner.java:648)
	at org.testng.TestRunner.run(TestRunner.java:505)
	at org.testng.SuiteRunner.runTest(SuiteRunner.java:455)
	at org.testng.SuiteRunner.runSequentially(SuiteRunner.java:450)
	at org.testng.SuiteRunner.privateRun(SuiteRunner.java:415)
	at org.testng.SuiteRunner.run(SuiteRunner.java:364)
	at org.testng.SuiteRunnerWorker.runSuite(SuiteRunnerWorker.java:52)
	at org.testng.SuiteRunnerWorker.run(SuiteRunnerWorker.java:84)
	at org.testng.TestNG.runSuitesSequentially(TestNG.java:1208)
	at org.testng.TestNG.runSuitesLocally(TestNG.java:1137)
	at org.testng.TestNG.runSuites(TestNG.java:1049)
	at org.testng.TestNG.run(TestNG.java:1017)
	at org.testng.remote.AbstractRemoteTestNG.run(AbstractRemoteTestNG.java:114)
	at org.testng.remote.RemoteTestNG.initAndRun(RemoteTestNG.java:251)
	at org.testng.remote.RemoteTestNG.main(RemoteTestNG.java:77)


===============================================
    Default test
    Tests run: 3, Failures: 1, Skips: 0
===============================================


===============================================
Default suite
Total tests run: 3, Failures: 1, Skips: 0
===============================================

